<?xml version="1.0" encoding="UTF-8"?>
<!-- Generated by org.testng.reporters.JUnitXMLReporter -->
<testsuite ignored="0" hostname="chn1-lhp-N80954" failures="0" tests="8" name="Surefire test" time="4.94" errors="0" timestamp="2023-07-05T14:21:30 IST">
  <testcase classname="com.MainTest.MainTest" name="loginWithValidAndInvalidUserCredentials" time="0.295"/>
  <testcase classname="com.MainTest.MainTest" name="loginWithValidAndInvalidUserCredentials" time="0.232"/>
  <testcase classname="com.MainTest.MainTest" name="loginWithValidAndInvalidUserCredentials" time="0.253"/>
  <testcase classname="com.MainTest.MainTest" name="loginWithValidAndInvalidUserCredentials" time="0.386"/>
  <testcase classname="com.MainTest.MainTest" name="AddProductsToCart" time="0.572"/>
  <testcase classname="com.MainTest.MainTest" name="removeProductsAndCheckoutProductsOnCart" time="0.319"/>
  <testcase classname="com.MainTest.MainTest" name="CompleteCheckout" time="0.423"/>
  <testcase classname="com.MainTest.MainTest" name="logoutAsUser" time="0.134"/>
</testsuite> <!-- Surefire test -->
