<?xml version="1.0" encoding="UTF-8"?>
<!-- Generated by org.testng.reporters.JUnitXMLReporter -->
<testsuite ignored="0" hostname="chn1-lhp-N80954" failures="0" tests="8" name="Default test" time="38.508" errors="0" timestamp="2023-06-29T21:25:32 IST">
  <testcase classname="main.MainTest" name="login" time="5.423"/>
  <testcase classname="main.MainTest" name="Home" time="8.545"/>
  <testcase classname="main.MainTest" name="addCart" time="0.112"/>
  <testcase classname="main.MainTest" name="cart" time="3.553"/>
  <testcase classname="main.MainTest" name="yourInfo" time="3.265"/>
  <testcase classname="main.MainTest" name="overView" time="0.18"/>
  <testcase classname="main.MainTest" name="complt" time="3.094"/>
  <testcase classname="main.MainTest" name="logout" time="12.192"/>
</testsuite> <!-- Default test -->
