<?xml version="1.0" encoding="UTF-8"?>
<!-- Generated by org.testng.reporters.JUnitXMLReporter -->
<testsuite ignored="0" hostname="chn1-lhp-N80954" failures="0" tests="8" name="Default test" time="4.786" errors="0" timestamp="2023-07-05T13:12:26 IST">
  <testcase classname="com.MainTest.MainTest" name="loginWithValidAndInvalidUserCredentials" time="0.317"/>
  <testcase classname="com.MainTest.MainTest" name="loginWithValidAndInvalidUserCredentials" time="0.243"/>
  <testcase classname="com.MainTest.MainTest" name="loginWithValidAndInvalidUserCredentials" time="0.245"/>
  <testcase classname="com.MainTest.MainTest" name="loginWithValidAndInvalidUserCredentials" time="0.281"/>
  <testcase classname="com.MainTest.MainTest" name="AddProductsToCart" time="0.409"/>
  <testcase classname="com.MainTest.MainTest" name="removeProductsAndCheckoutProductsOnCart" time="0.266"/>
  <testcase classname="com.MainTest.MainTest" name="CompleteCheckout" time="0.358"/>
  <testcase classname="com.MainTest.MainTest" name="logoutAsUser" time="0.127"/>
</testsuite> <!-- Default test -->
