<?xml version="1.0" encoding="UTF-8"?>
<!-- Generated by org.testng.reporters.JUnitXMLReporter -->
<testsuite ignored="0" hostname="chn1-lhp-N80954" failures="0" tests="8" name="Test" time="20.866" errors="0" timestamp="2023-06-29T10:17:02 IST">
  <testcase classname="main.NewTest" name="login" time="0.176"/>
  <testcase classname="main.NewTest" name="Home" time="8.208"/>
  <testcase classname="main.NewTest" name="addCart" time="0.128"/>
  <testcase classname="main.NewTest" name="cart" time="0.185"/>
  <testcase classname="main.NewTest" name="yourInfo" time="0.137"/>
  <testcase classname="main.NewTest" name="overView" time="0.038"/>
  <testcase classname="main.NewTest" name="complt" time="0.072"/>
  <testcase classname="main.NewTest" name="logout" time="10.07"/>
</testsuite> <!-- Test -->
