<?xml version="1.0" encoding="UTF-8"?>
<!-- Generated by org.testng.reporters.JUnitXMLReporter -->
<testsuite ignored="0" hostname="chn1-lhp-N80954" failures="0" tests="8" name="Test" time="4.367" errors="0" timestamp="2023-07-05T13:13:33 IST">
  <testcase classname="com.MainTest.MainTest" name="loginWithValidAndInvalidUserCredentials" time="0.322"/>
  <testcase classname="com.MainTest.MainTest" name="loginWithValidAndInvalidUserCredentials" time="0.255"/>
  <testcase classname="com.MainTest.MainTest" name="loginWithValidAndInvalidUserCredentials" time="0.246"/>
  <testcase classname="com.MainTest.MainTest" name="loginWithValidAndInvalidUserCredentials" time="0.278"/>
  <testcase classname="com.MainTest.MainTest" name="AddProductsToCart" time="0.415"/>
  <testcase classname="com.MainTest.MainTest" name="removeProductsAndCheckoutProductsOnCart" time="0.253"/>
  <testcase classname="com.MainTest.MainTest" name="CompleteCheckout" time="0.342"/>
  <testcase classname="com.MainTest.MainTest" name="logoutAsUser" time="0.127"/>
</testsuite> <!-- Test -->
