<?xml version="1.0" encoding="UTF-8"?>
<testsuite xmlns:xsi="http://www.w3.org/2001/XMLSchema-instance" xsi:noNamespaceSchemaLocation="https://maven.apache.org/surefire/maven-surefire-plugin/xsd/surefire-test-report.xsd" name="TestSuite" time="12.051" tests="8" errors="0" skipped="0" failures="8">
  <properties>
[...]
</properties>
  <testcase name="login" classname="main.MainTest" time="0.007">
    <failure message="Cannot invoke &quot;org.openqa.selenium.SearchContext.findElement(org.openqa.selenium.By)&quot; because &quot;this.searchContext&quot; is null" type="java.lang.NullPointerException">java.lang.NullPointerException: Cannot invoke "org.openqa.selenium.SearchContext.findElement(org.openqa.selenium.By)" because "this.searchContext" is null
	at main.MainTest.login(MainTest.java:62)
</failure>
    <system-err><![CDATA[SLF4J: Failed to load class "org.slf4j.impl.StaticLoggerBinder".
SLF4J: Defaulting to no-operation (NOP) logger implementation
SLF4J: See http://www.slf4j.org/codes.html#StaticLoggerBinder for further details.
Jun 30, 2023 3:03:38 PM org.openqa.selenium.remote.service.DriverService$Builder getLogOutput
INFO: Driver logs no longer sent to console by default; https://www.selenium.dev/documentation/webdriver/drivers/service/#setting-log-output
]]></system-err>
  </testcase>
  <testcase name="login" classname="main.MainTest" time="0">
    <failure message="Cannot invoke &quot;org.openqa.selenium.SearchContext.findElement(org.openqa.selenium.By)&quot; because &quot;this.searchContext&quot; is null" type="java.lang.NullPointerException">java.lang.NullPointerException: Cannot invoke "org.openqa.selenium.SearchContext.findElement(org.openqa.selenium.By)" because "this.searchContext" is null
	at main.MainTest.login(MainTest.java:62)
</failure>
    <system-out><![CDATA[After Method
]]></system-out>
    <system-err><![CDATA[Jun 30, 2023 3:03:40 PM org.openqa.selenium.remote.service.DriverService$Builder getLogOutput
INFO: Driver logs no longer sent to console by default; https://www.selenium.dev/documentation/webdriver/drivers/service/#setting-log-output
]]></system-err>
  </testcase>
  <testcase name="login" classname="main.MainTest" time="0.001">
    <failure message="Cannot invoke &quot;org.openqa.selenium.SearchContext.findElement(org.openqa.selenium.By)&quot; because &quot;this.searchContext&quot; is null" type="java.lang.NullPointerException">java.lang.NullPointerException: Cannot invoke "org.openqa.selenium.SearchContext.findElement(org.openqa.selenium.By)" because "this.searchContext" is null
	at main.MainTest.login(MainTest.java:62)
</failure>
    <system-out><![CDATA[After Method
]]></system-out>
    <system-err><![CDATA[Jun 30, 2023 3:03:41 PM org.openqa.selenium.remote.service.DriverService$Builder getLogOutput
INFO: Driver logs no longer sent to console by default; https://www.selenium.dev/documentation/webdriver/drivers/service/#setting-log-output
]]></system-err>
  </testcase>
  <testcase name="login" classname="main.MainTest" time="0">
    <failure message="Cannot invoke &quot;org.openqa.selenium.SearchContext.findElement(org.openqa.selenium.By)&quot; because &quot;this.searchContext&quot; is null" type="java.lang.NullPointerException">java.lang.NullPointerException: Cannot invoke "org.openqa.selenium.SearchContext.findElement(org.openqa.selenium.By)" because "this.searchContext" is null
	at main.MainTest.login(MainTest.java:62)
</failure>
    <system-out><![CDATA[After Method
]]></system-out>
    <system-err><![CDATA[Jun 30, 2023 3:03:43 PM org.openqa.selenium.remote.service.DriverService$Builder getLogOutput
INFO: Driver logs no longer sent to console by default; https://www.selenium.dev/documentation/webdriver/drivers/service/#setting-log-output
]]></system-err>
  </testcase>
  <testcase name="f" classname="com.MainTest.MainTest" time="3.312">
    <failure message="no such element: Unable to locate element: {&quot;method&quot;:&quot;css selector&quot;,&quot;selector&quot;:&quot;#react\-burger\-menu\-btn&quot;}&#10;  (Session info: chrome=114.0.5735.198)&#10;For documentation on this error, please visit: https://www.selenium.dev/documentation/webdriver/troubleshooting/errors#no-such-element-exception&#10;Build info: version: &apos;4.10.0&apos;, revision: &apos;c14d967899&apos;&#10;System info: os.name: &apos;Linux&apos;, os.arch: &apos;amd64&apos;, os.version: &apos;5.13.0-30-generic&apos;, java.version: &apos;17.0.6&apos;&#10;Driver info: org.openqa.selenium.chrome.ChromeDriver&#10;Command: [fe9e79cb425ec0c8033a77f27ead3571, findElement {using=id, value=react-burger-menu-btn}]&#10;Capabilities {acceptInsecureCerts: false, browserName: chrome, browserVersion: 114.0.5735.198, chrome: {chromedriverVersion: 114.0.5735.90 (386bc09e8f4f..., userDataDir: /tmp/.com.google.Chrome.wTylLK}, goog:chromeOptions: {debuggerAddress: localhost:44009}, networkConnectionEnabled: false, pageLoadStrategy: normal, platformName: linux, proxy: Proxy(), se:cdp: ws://localhost:44009/devtoo..., se:cdpVersion: 114.0.5735.198, setWindowRect: true, strictFileInteractability: false, timeouts: {implicit: 0, pageLoad: 300000, script: 30000}, unhandledPromptBehavior: dismiss and notify, webauthn:extension:credBlob: true, webauthn:extension:largeBlob: true, webauthn:extension:minPinLength: true, webauthn:extension:prf: true, webauthn:virtualAuthenticators: true}&#10;Session ID: fe9e79cb425ec0c8033a77f27ead3571" type="org.openqa.selenium.NoSuchElementException">org.openqa.selenium.NoSuchElementException: 
no such element: Unable to locate element: {"method":"css selector","selector":"#react\-burger\-menu\-btn"}
  (Session info: chrome=114.0.5735.198)
For documentation on this error, please visit: https://www.selenium.dev/documentation/webdriver/troubleshooting/errors#no-such-element-exception
Build info: version: '4.10.0', revision: 'c14d967899'
System info: os.name: 'Linux', os.arch: 'amd64', os.version: '5.13.0-30-generic', java.version: '17.0.6'
Driver info: org.openqa.selenium.chrome.ChromeDriver
Command: [fe9e79cb425ec0c8033a77f27ead3571, findElement {using=id, value=react-burger-menu-btn}]
Capabilities {acceptInsecureCerts: false, browserName: chrome, browserVersion: 114.0.5735.198, chrome: {chromedriverVersion: 114.0.5735.90 (386bc09e8f4f..., userDataDir: /tmp/.com.google.Chrome.wTylLK}, goog:chromeOptions: {debuggerAddress: localhost:44009}, networkConnectionEnabled: false, pageLoadStrategy: normal, platformName: linux, proxy: Proxy(), se:cdp: ws://localhost:44009/devtoo..., se:cdpVersion: 114.0.5735.198, setWindowRect: true, strictFileInteractability: false, timeouts: {implicit: 0, pageLoad: 300000, script: 30000}, unhandledPromptBehavior: dismiss and notify, webauthn:extension:credBlob: true, webauthn:extension:largeBlob: true, webauthn:extension:minPinLength: true, webauthn:extension:prf: true, webauthn:virtualAuthenticators: true}
Session ID: fe9e79cb425ec0c8033a77f27ead3571
	at com.MainTest.MainTest.f(MainTest.java:61)
</failure>
    <system-out><![CDATA[After Method
Swag Labs
Accepted usernames are:
standard_user
locked_out_user
problem_user
performance_glitch_user
Password for all users:
secret_sauce
]]></system-out>
    <system-err><![CDATA[Jun 30, 2023 3:03:44 PM org.openqa.selenium.remote.service.DriverService$Builder getLogOutput
INFO: Driver logs no longer sent to console by default; https://www.selenium.dev/documentation/webdriver/drivers/service/#setting-log-output
]]></system-err>
  </testcase>
  <testcase name="f" classname="com.MainTest.MainTest" time="1.086">
    <failure message="Unable to find element with locator By.id: react-burger-menu-btn&#10;For documentation on this error, please visit: https://www.selenium.dev/documentation/webdriver/troubleshooting/errors#no-such-element-exception&#10;Build info: version: &apos;4.10.0&apos;, revision: &apos;c14d967899&apos;&#10;System info: os.name: &apos;Linux&apos;, os.arch: &apos;amd64&apos;, os.version: &apos;5.13.0-30-generic&apos;, java.version: &apos;17.0.6&apos;&#10;Driver info: driver.version: RemoteWebDriver" type="org.openqa.selenium.NoSuchElementException">org.openqa.selenium.NoSuchElementException: 
Unable to find element with locator By.id: react-burger-menu-btn
For documentation on this error, please visit: https://www.selenium.dev/documentation/webdriver/troubleshooting/errors#no-such-element-exception
Build info: version: '4.10.0', revision: 'c14d967899'
System info: os.name: 'Linux', os.arch: 'amd64', os.version: '5.13.0-30-generic', java.version: '17.0.6'
Driver info: driver.version: RemoteWebDriver
	at com.MainTest.MainTest.f(MainTest.java:61)
</failure>
    <system-out><![CDATA[After Method
Swag Labs
Accepted usernames are:
standard_user
locked_out_user
problem_user
performance_glitch_user
Password for all users:
secret_sauce
]]></system-out>
  </testcase>
  <testcase name="f" classname="com.MainTest.MainTest" time="0.005">
    <failure message="no such window: target window already closed&#10;from unknown error: web view not found&#10;  (Session info: chrome=114.0.5735.198)&#10;Build info: version: &apos;4.10.0&apos;, revision: &apos;c14d967899&apos;&#10;System info: os.name: &apos;Linux&apos;, os.arch: &apos;amd64&apos;, os.version: &apos;5.13.0-30-generic&apos;, java.version: &apos;17.0.6&apos;&#10;Driver info: org.openqa.selenium.chrome.ChromeDriver&#10;Command: [fe9e79cb425ec0c8033a77f27ead3571, findElement {using=xpath, value=//div[text()=&apos;Swag Labs&apos;]}]&#10;Capabilities {acceptInsecureCerts: false, browserName: chrome, browserVersion: 114.0.5735.198, chrome: {chromedriverVersion: 114.0.5735.90 (386bc09e8f4f..., userDataDir: /tmp/.com.google.Chrome.wTylLK}, goog:chromeOptions: {debuggerAddress: localhost:44009}, networkConnectionEnabled: false, pageLoadStrategy: normal, platformName: linux, proxy: Proxy(), se:cdp: ws://localhost:44009/devtoo..., se:cdpVersion: 114.0.5735.198, setWindowRect: true, strictFileInteractability: false, timeouts: {implicit: 0, pageLoad: 300000, script: 30000}, unhandledPromptBehavior: dismiss and notify, webauthn:extension:credBlob: true, webauthn:extension:largeBlob: true, webauthn:extension:minPinLength: true, webauthn:extension:prf: true, webauthn:virtualAuthenticators: true}&#10;Session ID: fe9e79cb425ec0c8033a77f27ead3571" type="org.openqa.selenium.NoSuchWindowException">org.openqa.selenium.NoSuchWindowException: 
no such window: target window already closed
from unknown error: web view not found
  (Session info: chrome=114.0.5735.198)
Build info: version: '4.10.0', revision: 'c14d967899'
System info: os.name: 'Linux', os.arch: 'amd64', os.version: '5.13.0-30-generic', java.version: '17.0.6'
Driver info: org.openqa.selenium.chrome.ChromeDriver
Command: [fe9e79cb425ec0c8033a77f27ead3571, findElement {using=xpath, value=//div[text()='Swag Labs']}]
Capabilities {acceptInsecureCerts: false, browserName: chrome, browserVersion: 114.0.5735.198, chrome: {chromedriverVersion: 114.0.5735.90 (386bc09e8f4f..., userDataDir: /tmp/.com.google.Chrome.wTylLK}, goog:chromeOptions: {debuggerAddress: localhost:44009}, networkConnectionEnabled: false, pageLoadStrategy: normal, platformName: linux, proxy: Proxy(), se:cdp: ws://localhost:44009/devtoo..., se:cdpVersion: 114.0.5735.198, setWindowRect: true, strictFileInteractability: false, timeouts: {implicit: 0, pageLoad: 300000, script: 30000}, unhandledPromptBehavior: dismiss and notify, webauthn:extension:credBlob: true, webauthn:extension:largeBlob: true, webauthn:extension:minPinLength: true, webauthn:extension:prf: true, webauthn:virtualAuthenticators: true}
Session ID: fe9e79cb425ec0c8033a77f27ead3571
	at com.MainTest.MainTest.f(MainTest.java:53)
</failure>
    <system-out><![CDATA[After Method
]]></system-out>
  </testcase>
  <testcase name="f" classname="com.MainTest.MainTest" time="0.008">
    <failure message="no such window: target window already closed&#10;from unknown error: web view not found&#10;  (Session info: chrome=114.0.5735.198)&#10;Build info: version: &apos;4.10.0&apos;, revision: &apos;c14d967899&apos;&#10;System info: os.name: &apos;Linux&apos;, os.arch: &apos;amd64&apos;, os.version: &apos;5.13.0-30-generic&apos;, java.version: &apos;17.0.6&apos;&#10;Driver info: org.openqa.selenium.chrome.ChromeDriver&#10;Command: [fe9e79cb425ec0c8033a77f27ead3571, findElement {using=xpath, value=//div[text()=&apos;Swag Labs&apos;]}]&#10;Capabilities {acceptInsecureCerts: false, browserName: chrome, browserVersion: 114.0.5735.198, chrome: {chromedriverVersion: 114.0.5735.90 (386bc09e8f4f..., userDataDir: /tmp/.com.google.Chrome.wTylLK}, goog:chromeOptions: {debuggerAddress: localhost:44009}, networkConnectionEnabled: false, pageLoadStrategy: normal, platformName: linux, proxy: Proxy(), se:cdp: ws://localhost:44009/devtoo..., se:cdpVersion: 114.0.5735.198, setWindowRect: true, strictFileInteractability: false, timeouts: {implicit: 0, pageLoad: 300000, script: 30000}, unhandledPromptBehavior: dismiss and notify, webauthn:extension:credBlob: true, webauthn:extension:largeBlob: true, webauthn:extension:minPinLength: true, webauthn:extension:prf: true, webauthn:virtualAuthenticators: true}&#10;Session ID: fe9e79cb425ec0c8033a77f27ead3571" type="org.openqa.selenium.NoSuchWindowException">org.openqa.selenium.NoSuchWindowException: 
no such window: target window already closed
from unknown error: web view not found
  (Session info: chrome=114.0.5735.198)
Build info: version: '4.10.0', revision: 'c14d967899'
System info: os.name: 'Linux', os.arch: 'amd64', os.version: '5.13.0-30-generic', java.version: '17.0.6'
Driver info: org.openqa.selenium.chrome.ChromeDriver
Command: [fe9e79cb425ec0c8033a77f27ead3571, findElement {using=xpath, value=//div[text()='Swag Labs']}]
Capabilities {acceptInsecureCerts: false, browserName: chrome, browserVersion: 114.0.5735.198, chrome: {chromedriverVersion: 114.0.5735.90 (386bc09e8f4f..., userDataDir: /tmp/.com.google.Chrome.wTylLK}, goog:chromeOptions: {debuggerAddress: localhost:44009}, networkConnectionEnabled: false, pageLoadStrategy: normal, platformName: linux, proxy: Proxy(), se:cdp: ws://localhost:44009/devtoo..., se:cdpVersion: 114.0.5735.198, setWindowRect: true, strictFileInteractability: false, timeouts: {implicit: 0, pageLoad: 300000, script: 30000}, unhandledPromptBehavior: dismiss and notify, webauthn:extension:credBlob: true, webauthn:extension:largeBlob: true, webauthn:extension:minPinLength: true, webauthn:extension:prf: true, webauthn:virtualAuthenticators: true}
Session ID: fe9e79cb425ec0c8033a77f27ead3571
	at com.MainTest.MainTest.f(MainTest.java:53)
</failure>
    <system-out><![CDATA[After Method
]]></system-out>
  </testcase>
</testsuite>