<?xml version="1.0" encoding="UTF-8"?>
<testng-results ignored="0" total="8" passed="8" failed="0" skipped="0">
  <reporter-output>
  </reporter-output>
  <suite started-at="2023-07-05T14:21:25 IST" name="Surefire suite" finished-at="2023-07-05T14:21:30 IST" duration-ms="4940">
    <groups>
    </groups>
    <test started-at="2023-07-05T14:21:25 IST" name="Surefire test" finished-at="2023-07-05T14:21:30 IST" duration-ms="4940">
      <class name="com.MainTest.MainTest">
        <test-method is-config="true" signature="beforeclass()[pri:0, instance:com.MainTest.MainTest@37ceb1df]" started-at="2023-07-05T14:21:25 IST" name="beforeclass" finished-at="2023-07-05T14:21:27 IST" duration-ms="2130" status="PASS">
          <reporter-output>
          </reporter-output>
        </test-method> <!-- beforeclass -->
        <test-method is-config="true" signature="beforeMethod()[pri:0, instance:com.MainTest.MainTest@37ceb1df]" started-at="2023-07-05T14:21:27 IST" name="beforeMethod" finished-at="2023-07-05T14:21:27 IST" duration-ms="13" status="PASS">
          <reporter-output>
          </reporter-output>
        </test-method> <!-- beforeMethod -->
        <test-method signature="loginWithValidAndInvalidUserCredentials(java.lang.String,java.lang.String)[pri:0, instance:com.MainTest.MainTest@37ceb1df]" started-at="2023-07-05T14:21:27 IST" name="loginWithValidAndInvalidUserCredentials" data-provider="create" finished-at="2023-07-05T14:21:27 IST" duration-ms="295" status="PASS">
          <params>
            <param index="0">
              <value>
                <![CDATA[]]>
              </value>
            </param>
            <param index="1">
              <value>
                <![CDATA[]]>
              </value>
            </param>
          </params>
          <reporter-output>
          </reporter-output>
        </test-method> <!-- loginWithValidAndInvalidUserCredentials -->
        <test-method is-config="true" signature="afterMethod()[pri:0, instance:com.MainTest.MainTest@37ceb1df]" started-at="2023-07-05T14:21:27 IST" name="afterMethod" finished-at="2023-07-05T14:21:27 IST" duration-ms="1" status="PASS">
          <reporter-output>
          </reporter-output>
        </test-method> <!-- afterMethod -->
        <test-method is-config="true" signature="beforeMethod()[pri:0, instance:com.MainTest.MainTest@37ceb1df]" started-at="2023-07-05T14:21:27 IST" name="beforeMethod" finished-at="2023-07-05T14:21:27 IST" duration-ms="3" status="PASS">
          <reporter-output>
          </reporter-output>
        </test-method> <!-- beforeMethod -->
        <test-method signature="loginWithValidAndInvalidUserCredentials(java.lang.String,java.lang.String)[pri:0, instance:com.MainTest.MainTest@37ceb1df]" started-at="2023-07-05T14:21:27 IST" name="loginWithValidAndInvalidUserCredentials" data-provider="create" finished-at="2023-07-05T14:21:28 IST" duration-ms="232" status="PASS">
          <params>
            <param index="0">
              <value>
                <![CDATA[standard_user]]>
              </value>
            </param>
            <param index="1">
              <value>
                <![CDATA[]]>
              </value>
            </param>
          </params>
          <reporter-output>
          </reporter-output>
        </test-method> <!-- loginWithValidAndInvalidUserCredentials -->
        <test-method is-config="true" signature="beforeMethod()[pri:0, instance:com.MainTest.MainTest@37ceb1df]" started-at="2023-07-05T14:21:28 IST" name="beforeMethod" finished-at="2023-07-05T14:21:28 IST" duration-ms="3" status="PASS">
          <reporter-output>
          </reporter-output>
        </test-method> <!-- beforeMethod -->
        <test-method is-config="true" signature="afterMethod()[pri:0, instance:com.MainTest.MainTest@37ceb1df]" started-at="2023-07-05T14:21:28 IST" name="afterMethod" finished-at="2023-07-05T14:21:28 IST" duration-ms="0" status="PASS">
          <reporter-output>
          </reporter-output>
        </test-method> <!-- afterMethod -->
        <test-method signature="loginWithValidAndInvalidUserCredentials(java.lang.String,java.lang.String)[pri:0, instance:com.MainTest.MainTest@37ceb1df]" started-at="2023-07-05T14:21:28 IST" name="loginWithValidAndInvalidUserCredentials" data-provider="create" finished-at="2023-07-05T14:21:28 IST" duration-ms="253" status="PASS">
          <params>
            <param index="0">
              <value>
                <![CDATA[user]]>
              </value>
            </param>
            <param index="1">
              <value>
                <![CDATA[secret_sauce]]>
              </value>
            </param>
          </params>
          <reporter-output>
          </reporter-output>
        </test-method> <!-- loginWithValidAndInvalidUserCredentials -->
        <test-method is-config="true" signature="afterMethod()[pri:0, instance:com.MainTest.MainTest@37ceb1df]" started-at="2023-07-05T14:21:28 IST" name="afterMethod" finished-at="2023-07-05T14:21:28 IST" duration-ms="1" status="PASS">
          <reporter-output>
          </reporter-output>
        </test-method> <!-- afterMethod -->
        <test-method is-config="true" signature="beforeMethod()[pri:0, instance:com.MainTest.MainTest@37ceb1df]" started-at="2023-07-05T14:21:28 IST" name="beforeMethod" finished-at="2023-07-05T14:21:28 IST" duration-ms="13" status="PASS">
          <reporter-output>
          </reporter-output>
        </test-method> <!-- beforeMethod -->
        <test-method signature="loginWithValidAndInvalidUserCredentials(java.lang.String,java.lang.String)[pri:0, instance:com.MainTest.MainTest@37ceb1df]" started-at="2023-07-05T14:21:28 IST" name="loginWithValidAndInvalidUserCredentials" data-provider="create" finished-at="2023-07-05T14:21:28 IST" duration-ms="386" status="PASS">
          <params>
            <param index="0">
              <value>
                <![CDATA[standard_user]]>
              </value>
            </param>
            <param index="1">
              <value>
                <![CDATA[secret_sauce]]>
              </value>
            </param>
          </params>
          <reporter-output>
          </reporter-output>
        </test-method> <!-- loginWithValidAndInvalidUserCredentials -->
        <test-method is-config="true" signature="afterMethod()[pri:0, instance:com.MainTest.MainTest@37ceb1df]" started-at="2023-07-05T14:21:28 IST" name="afterMethod" finished-at="2023-07-05T14:21:28 IST" duration-ms="1" status="PASS">
          <reporter-output>
          </reporter-output>
        </test-method> <!-- afterMethod -->
        <test-method is-config="true" signature="beforeMethod()[pri:0, instance:com.MainTest.MainTest@37ceb1df]" started-at="2023-07-05T14:21:28 IST" name="beforeMethod" finished-at="2023-07-05T14:21:28 IST" duration-ms="2" status="PASS">
          <reporter-output>
          </reporter-output>
        </test-method> <!-- beforeMethod -->
        <test-method signature="AddProductsToCart()[pri:1, instance:com.MainTest.MainTest@37ceb1df]" started-at="2023-07-05T14:21:28 IST" name="AddProductsToCart" finished-at="2023-07-05T14:21:29 IST" duration-ms="572" status="PASS">
          <reporter-output>
          </reporter-output>
        </test-method> <!-- AddProductsToCart -->
        <test-method is-config="true" signature="afterMethod()[pri:0, instance:com.MainTest.MainTest@37ceb1df]" started-at="2023-07-05T14:21:29 IST" name="afterMethod" finished-at="2023-07-05T14:21:29 IST" duration-ms="0" status="PASS">
          <reporter-output>
          </reporter-output>
        </test-method> <!-- afterMethod -->
        <test-method is-config="true" signature="beforeMethod()[pri:0, instance:com.MainTest.MainTest@37ceb1df]" started-at="2023-07-05T14:21:29 IST" name="beforeMethod" finished-at="2023-07-05T14:21:29 IST" duration-ms="2" status="PASS">
          <reporter-output>
          </reporter-output>
        </test-method> <!-- beforeMethod -->
        <test-method signature="removeProductsAndCheckoutProductsOnCart()[pri:2, instance:com.MainTest.MainTest@37ceb1df]" started-at="2023-07-05T14:21:29 IST" name="removeProductsAndCheckoutProductsOnCart" finished-at="2023-07-05T14:21:29 IST" duration-ms="319" status="PASS">
          <reporter-output>
          </reporter-output>
        </test-method> <!-- removeProductsAndCheckoutProductsOnCart -->
        <test-method is-config="true" signature="afterMethod()[pri:0, instance:com.MainTest.MainTest@37ceb1df]" started-at="2023-07-05T14:21:29 IST" name="afterMethod" finished-at="2023-07-05T14:21:29 IST" duration-ms="1" status="PASS">
          <reporter-output>
          </reporter-output>
        </test-method> <!-- afterMethod -->
        <test-method is-config="true" signature="beforeMethod()[pri:0, instance:com.MainTest.MainTest@37ceb1df]" started-at="2023-07-05T14:21:29 IST" name="beforeMethod" finished-at="2023-07-05T14:21:29 IST" duration-ms="3" status="PASS">
          <reporter-output>
          </reporter-output>
        </test-method> <!-- beforeMethod -->
        <test-method signature="CompleteCheckout()[pri:3, instance:com.MainTest.MainTest@37ceb1df]" started-at="2023-07-05T14:21:29 IST" name="CompleteCheckout" finished-at="2023-07-05T14:21:30 IST" duration-ms="423" status="PASS">
          <reporter-output>
          </reporter-output>
        </test-method> <!-- CompleteCheckout -->
        <test-method is-config="true" signature="afterMethod()[pri:0, instance:com.MainTest.MainTest@37ceb1df]" started-at="2023-07-05T14:21:30 IST" name="afterMethod" finished-at="2023-07-05T14:21:30 IST" duration-ms="1" status="PASS">
          <reporter-output>
          </reporter-output>
        </test-method> <!-- afterMethod -->
        <test-method is-config="true" signature="beforeMethod()[pri:0, instance:com.MainTest.MainTest@37ceb1df]" started-at="2023-07-05T14:21:30 IST" name="beforeMethod" finished-at="2023-07-05T14:21:30 IST" duration-ms="2" status="PASS">
          <reporter-output>
          </reporter-output>
        </test-method> <!-- beforeMethod -->
        <test-method signature="logoutAsUser()[pri:4, instance:com.MainTest.MainTest@37ceb1df]" started-at="2023-07-05T14:21:30 IST" name="logoutAsUser" finished-at="2023-07-05T14:21:30 IST" duration-ms="134" status="PASS">
          <reporter-output>
          </reporter-output>
        </test-method> <!-- logoutAsUser -->
        <test-method is-config="true" signature="afterMethod()[pri:0, instance:com.MainTest.MainTest@37ceb1df]" started-at="2023-07-05T14:21:30 IST" name="afterMethod" finished-at="2023-07-05T14:21:30 IST" duration-ms="0" status="PASS">
          <reporter-output>
          </reporter-output>
        </test-method> <!-- afterMethod -->
        <test-method is-config="true" signature="afterClass()[pri:0, instance:com.MainTest.MainTest@37ceb1df]" started-at="2023-07-05T14:21:30 IST" name="afterClass" finished-at="2023-07-05T14:21:30 IST" duration-ms="105" status="PASS">
          <reporter-output>
          </reporter-output>
        </test-method> <!-- afterClass -->
      </class> <!-- com.MainTest.MainTest -->
    </test> <!-- Surefire test -->
  </suite> <!-- Surefire suite -->
</testng-results>
