<?xml version="1.0" encoding="UTF-8"?>
<testng-results ignored="0" total="8" passed="8" failed="0" skipped="0">
  <reporter-output>
  </reporter-output>
  <suite started-at="2023-07-05T13:13:28 IST" name="Suite" finished-at="2023-07-05T13:13:32 IST" duration-ms="4367">
    <groups>
    </groups>
    <test started-at="2023-07-05T13:13:28 IST" name="Test" finished-at="2023-07-05T13:13:32 IST" duration-ms="4367">
      <class name="com.MainTest.MainTest">
        <test-method is-config="true" signature="beforeclass()[pri:0, instance:com.MainTest.MainTest@6892b3b6]" started-at="2023-07-05T13:13:28 IST" name="beforeclass" finished-at="2023-07-05T13:13:30 IST" duration-ms="1939" status="PASS">
          <reporter-output>
          </reporter-output>
        </test-method> <!-- beforeclass -->
        <test-method is-config="true" signature="beforeMethod()[pri:0, instance:com.MainTest.MainTest@6892b3b6]" started-at="2023-07-05T13:13:30 IST" name="beforeMethod" finished-at="2023-07-05T13:13:30 IST" duration-ms="15" status="PASS">
          <reporter-output>
          </reporter-output>
        </test-method> <!-- beforeMethod -->
        <test-method signature="loginWithValidAndInvalidUserCredentials(java.lang.String,java.lang.String)[pri:0, instance:com.MainTest.MainTest@6892b3b6]" started-at="2023-07-05T13:13:30 IST" name="loginWithValidAndInvalidUserCredentials" data-provider="create" finished-at="2023-07-05T13:13:30 IST" duration-ms="322" status="PASS">
          <params>
            <param index="0">
              <value>
                <![CDATA[]]>
              </value>
            </param>
            <param index="1">
              <value>
                <![CDATA[]]>
              </value>
            </param>
          </params>
          <reporter-output>
          </reporter-output>
        </test-method> <!-- loginWithValidAndInvalidUserCredentials -->
        <test-method is-config="true" signature="afterMethod()[pri:0, instance:com.MainTest.MainTest@6892b3b6]" started-at="2023-07-05T13:13:30 IST" name="afterMethod" finished-at="2023-07-05T13:13:30 IST" duration-ms="1" status="PASS">
          <reporter-output>
          </reporter-output>
        </test-method> <!-- afterMethod -->
        <test-method is-config="true" signature="beforeMethod()[pri:0, instance:com.MainTest.MainTest@6892b3b6]" started-at="2023-07-05T13:13:30 IST" name="beforeMethod" finished-at="2023-07-05T13:13:30 IST" duration-ms="2" status="PASS">
          <reporter-output>
          </reporter-output>
        </test-method> <!-- beforeMethod -->
        <test-method signature="loginWithValidAndInvalidUserCredentials(java.lang.String,java.lang.String)[pri:0, instance:com.MainTest.MainTest@6892b3b6]" started-at="2023-07-05T13:13:30 IST" name="loginWithValidAndInvalidUserCredentials" data-provider="create" finished-at="2023-07-05T13:13:31 IST" duration-ms="255" status="PASS">
          <params>
            <param index="0">
              <value>
                <![CDATA[standard_user]]>
              </value>
            </param>
            <param index="1">
              <value>
                <![CDATA[]]>
              </value>
            </param>
          </params>
          <reporter-output>
          </reporter-output>
        </test-method> <!-- loginWithValidAndInvalidUserCredentials -->
        <test-method is-config="true" signature="afterMethod()[pri:0, instance:com.MainTest.MainTest@6892b3b6]" started-at="2023-07-05T13:13:31 IST" name="afterMethod" finished-at="2023-07-05T13:13:31 IST" duration-ms="0" status="PASS">
          <reporter-output>
          </reporter-output>
        </test-method> <!-- afterMethod -->
        <test-method is-config="true" signature="beforeMethod()[pri:0, instance:com.MainTest.MainTest@6892b3b6]" started-at="2023-07-05T13:13:31 IST" name="beforeMethod" finished-at="2023-07-05T13:13:31 IST" duration-ms="3" status="PASS">
          <reporter-output>
          </reporter-output>
        </test-method> <!-- beforeMethod -->
        <test-method signature="loginWithValidAndInvalidUserCredentials(java.lang.String,java.lang.String)[pri:0, instance:com.MainTest.MainTest@6892b3b6]" started-at="2023-07-05T13:13:31 IST" name="loginWithValidAndInvalidUserCredentials" data-provider="create" finished-at="2023-07-05T13:13:31 IST" duration-ms="246" status="PASS">
          <params>
            <param index="0">
              <value>
                <![CDATA[user]]>
              </value>
            </param>
            <param index="1">
              <value>
                <![CDATA[secret_sauce]]>
              </value>
            </param>
          </params>
          <reporter-output>
          </reporter-output>
        </test-method> <!-- loginWithValidAndInvalidUserCredentials -->
        <test-method is-config="true" signature="beforeMethod()[pri:0, instance:com.MainTest.MainTest@6892b3b6]" started-at="2023-07-05T13:13:31 IST" name="beforeMethod" finished-at="2023-07-05T13:13:31 IST" duration-ms="2" status="PASS">
          <reporter-output>
          </reporter-output>
        </test-method> <!-- beforeMethod -->
        <test-method is-config="true" signature="afterMethod()[pri:0, instance:com.MainTest.MainTest@6892b3b6]" started-at="2023-07-05T13:13:31 IST" name="afterMethod" finished-at="2023-07-05T13:13:31 IST" duration-ms="0" status="PASS">
          <reporter-output>
          </reporter-output>
        </test-method> <!-- afterMethod -->
        <test-method signature="loginWithValidAndInvalidUserCredentials(java.lang.String,java.lang.String)[pri:0, instance:com.MainTest.MainTest@6892b3b6]" started-at="2023-07-05T13:13:31 IST" name="loginWithValidAndInvalidUserCredentials" data-provider="create" finished-at="2023-07-05T13:13:31 IST" duration-ms="278" status="PASS">
          <params>
            <param index="0">
              <value>
                <![CDATA[standard_user]]>
              </value>
            </param>
            <param index="1">
              <value>
                <![CDATA[secret_sauce]]>
              </value>
            </param>
          </params>
          <reporter-output>
          </reporter-output>
        </test-method> <!-- loginWithValidAndInvalidUserCredentials -->
        <test-method is-config="true" signature="afterMethod()[pri:0, instance:com.MainTest.MainTest@6892b3b6]" started-at="2023-07-05T13:13:31 IST" name="afterMethod" finished-at="2023-07-05T13:13:31 IST" duration-ms="0" status="PASS">
          <reporter-output>
          </reporter-output>
        </test-method> <!-- afterMethod -->
        <test-method is-config="true" signature="beforeMethod()[pri:0, instance:com.MainTest.MainTest@6892b3b6]" started-at="2023-07-05T13:13:31 IST" name="beforeMethod" finished-at="2023-07-05T13:13:31 IST" duration-ms="3" status="PASS">
          <reporter-output>
          </reporter-output>
        </test-method> <!-- beforeMethod -->
        <test-method signature="AddProductsToCart()[pri:1, instance:com.MainTest.MainTest@6892b3b6]" started-at="2023-07-05T13:13:31 IST" name="AddProductsToCart" finished-at="2023-07-05T13:13:32 IST" duration-ms="415" status="PASS">
          <reporter-output>
          </reporter-output>
        </test-method> <!-- AddProductsToCart -->
        <test-method is-config="true" signature="afterMethod()[pri:0, instance:com.MainTest.MainTest@6892b3b6]" started-at="2023-07-05T13:13:32 IST" name="afterMethod" finished-at="2023-07-05T13:13:32 IST" duration-ms="1" status="PASS">
          <reporter-output>
          </reporter-output>
        </test-method> <!-- afterMethod -->
        <test-method is-config="true" signature="beforeMethod()[pri:0, instance:com.MainTest.MainTest@6892b3b6]" started-at="2023-07-05T13:13:32 IST" name="beforeMethod" finished-at="2023-07-05T13:13:32 IST" duration-ms="2" status="PASS">
          <reporter-output>
          </reporter-output>
        </test-method> <!-- beforeMethod -->
        <test-method signature="removeProductsAndCheckoutProductsOnCart()[pri:2, instance:com.MainTest.MainTest@6892b3b6]" started-at="2023-07-05T13:13:32 IST" name="removeProductsAndCheckoutProductsOnCart" finished-at="2023-07-05T13:13:32 IST" duration-ms="253" status="PASS">
          <reporter-output>
          </reporter-output>
        </test-method> <!-- removeProductsAndCheckoutProductsOnCart -->
        <test-method is-config="true" signature="afterMethod()[pri:0, instance:com.MainTest.MainTest@6892b3b6]" started-at="2023-07-05T13:13:32 IST" name="afterMethod" finished-at="2023-07-05T13:13:32 IST" duration-ms="0" status="PASS">
          <reporter-output>
          </reporter-output>
        </test-method> <!-- afterMethod -->
        <test-method is-config="true" signature="beforeMethod()[pri:0, instance:com.MainTest.MainTest@6892b3b6]" started-at="2023-07-05T13:13:32 IST" name="beforeMethod" finished-at="2023-07-05T13:13:32 IST" duration-ms="1" status="PASS">
          <reporter-output>
          </reporter-output>
        </test-method> <!-- beforeMethod -->
        <test-method signature="CompleteCheckout()[pri:3, instance:com.MainTest.MainTest@6892b3b6]" started-at="2023-07-05T13:13:32 IST" name="CompleteCheckout" finished-at="2023-07-05T13:13:32 IST" duration-ms="342" status="PASS">
          <reporter-output>
          </reporter-output>
        </test-method> <!-- CompleteCheckout -->
        <test-method is-config="true" signature="afterMethod()[pri:0, instance:com.MainTest.MainTest@6892b3b6]" started-at="2023-07-05T13:13:32 IST" name="afterMethod" finished-at="2023-07-05T13:13:32 IST" duration-ms="1" status="PASS">
          <reporter-output>
          </reporter-output>
        </test-method> <!-- afterMethod -->
        <test-method is-config="true" signature="beforeMethod()[pri:0, instance:com.MainTest.MainTest@6892b3b6]" started-at="2023-07-05T13:13:32 IST" name="beforeMethod" finished-at="2023-07-05T13:13:32 IST" duration-ms="2" status="PASS">
          <reporter-output>
          </reporter-output>
        </test-method> <!-- beforeMethod -->
        <test-method signature="logoutAsUser()[pri:4, instance:com.MainTest.MainTest@6892b3b6]" started-at="2023-07-05T13:13:32 IST" name="logoutAsUser" finished-at="2023-07-05T13:13:32 IST" duration-ms="127" status="PASS">
          <reporter-output>
          </reporter-output>
        </test-method> <!-- logoutAsUser -->
        <test-method is-config="true" signature="afterMethod()[pri:0, instance:com.MainTest.MainTest@6892b3b6]" started-at="2023-07-05T13:13:32 IST" name="afterMethod" finished-at="2023-07-05T13:13:32 IST" duration-ms="0" status="PASS">
          <reporter-output>
          </reporter-output>
        </test-method> <!-- afterMethod -->
        <test-method is-config="true" signature="afterClass()[pri:0, instance:com.MainTest.MainTest@6892b3b6]" started-at="2023-07-05T13:13:32 IST" name="afterClass" finished-at="2023-07-05T13:13:32 IST" duration-ms="104" status="PASS">
          <reporter-output>
          </reporter-output>
        </test-method> <!-- afterClass -->
      </class> <!-- com.MainTest.MainTest -->
    </test> <!-- Test -->
  </suite> <!-- Suite -->
</testng-results>
